<?xml version="1.0" encoding="UTF-8"?>
<!-- Generated by org.testng.reporters.JUnitReportReporter -->
<testsuite hostname="NODE1899" failures="0" tests="2" name="Day2.WaysToCreatePostReqstBody" time="1.637" errors="0" timestamp="2024-02-05T11:02:41 IST" skipped="0">
  <testcase classname="Day2.WaysToCreatePostReqstBody" name="testPostUsingJsonLibrary" time="1.609"/>
  <testcase classname="Day2.WaysToCreatePostReqstBody" name="testDelete" time="0.028"/>
</testsuite> <!-- Day2.WaysToCreatePostReqstBody -->
