<?xml version="1.0" encoding="UTF-8"?>
<!-- Generated by org.testng.reporters.JUnitReportReporter -->
<testsuite hostname="NODE1899" failures="0" tests="4" name="Day1.HttpRequests" time="4.796" errors="0" timestamp="2024-01-03T11:09:20 IST" skipped="0">
  <testcase classname="Day1.HttpRequests" name="GetUsers" time="2.972"/>
  <testcase classname="Day1.HttpRequests" name="createUser" time="0.901"/>
  <testcase classname="Day1.HttpRequests" name="updateUser" time="0.519"/>
  <testcase classname="Day1.HttpRequests" name="deleteUser" time="0.404"/>
</testsuite> <!-- Day1.HttpRequests -->
